WARNING: src/modules/memory/instruction_memory.v:13: $readmemb(data/inst.mem): Not enough words in the file for the requested range [0:63].
                   0 ** Start Simulation **
                   0 Instruction Memory 
VCD info: dumpfile sim.vcd opened for output.
                   0 [PC] pc :          x
                   5 [PC] pc :          0
                  65 [PC] pc :          4
                  75 [PC] pc :          8
                  85 [PC] pc :         12
                  95 [PC] pc :         16
                 105 [PC] pc :         20
                 115 [PC] pc :         24
                 125 [PC] pc :         28
                 135 [PC] pc :         32
                 145 [PC] pc :         36
                 155 [PC] pc :         40
                 175 [PC] pc :         44
                 185 [PC] pc :         48
                 195 [PC] pc :         52
                 205 [PC] pc :         56
                 215 [PC] pc :         60
                 225 [PC] pc :         64
                 245 [PC] pc :         68
                 255 [PC] pc :         72
                 265 [PC] pc :         76
                 275 [PC] pc :         80
                 295 [PC] pc :         84
                 315 [PC] pc :         88
                 335 [PC] pc :         92
                 345 [PC] pc :         84
                 355 [PC] pc :         88
                 365 [PC] pc :         92
                 375 [PC] pc :         96
                 385 [PC] pc :         88
                 395 [PC] pc :         92
                 405 [PC] pc :         96
                 415 [PC] pc :         88
                 425 [PC] pc :         92
                 435 [PC] pc :         96
                 445 [PC] pc :         88
                 455 [PC] pc :         92
                 465 [PC] pc :         96
                 475 [PC] pc :         88
                 485 [PC] pc :         92
                 495 [PC] pc :         96
                 505 [PC] pc :         88
                 515 [PC] pc :         92
                 525 [PC] pc :         96
                 535 [PC] pc :         88
                 545 [PC] pc :         92
                 555 [PC] pc :         96
                 565 [PC] pc :         88
                 575 [PC] pc :         92
                 585 [PC] pc :         96
                 595 [PC] pc :         88
                 605 [PC] pc :         92
                 615 [PC] pc :         96
                 625 [PC] pc :         88
                 635 [PC] pc :         92
                 645 [PC] pc :         96
                 655 [PC] pc :         88
                 665 [PC] pc :         92
                 675 [PC] pc :         96
                 685 [PC] pc :         88
                 695 [PC] pc :         92
                 705 [PC] pc :         96
                 715 [PC] pc :         88
                 725 [PC] pc :         92
                 735 [PC] pc :         96
                 745 [PC] pc :         88
                 755 [PC] pc :         92
                 765 [PC] pc :         96
                 775 [PC] pc :         88
                 785 [PC] pc :         92
                 795 [PC] pc :         96
                 805 [PC] pc :         88
                 815 [PC] pc :         92
                 825 [PC] pc :         96
                 835 [PC] pc :         88
                 845 [PC] pc :         92
                 855 [PC] pc :         96
                 865 [PC] pc :         88
                 875 [PC] pc :         92
                 885 [PC] pc :         96
                 895 [PC] pc :         88
                 905 [PC] pc :         92
                 915 [PC] pc :         96
                 925 [PC] pc :         88
                 935 [PC] pc :         92
                 945 [PC] pc :         96
                 955 [PC] pc :         88
                 965 [PC] pc :         92
                 975 [PC] pc :         96
                 985 [PC] pc :         88
                 995 [PC] pc :         92
                1005 [PC] pc :         96
                1015 [PC] pc :         88
                1025 [PC] pc :         92
                1035 [PC] pc :         96
                1045 [PC] pc :         88
                1055 [PC] pc :         92
                1065 [PC] pc :         96
                1075 [PC] pc :         88
                1085 [PC] pc :         92
                1095 [PC] pc :         96
                1105 [PC] pc :         88
                1115 [PC] pc :         92
                1125 [PC] pc :         96
                1135 [PC] pc :         88
                1145 [PC] pc :         92
                1155 [PC] pc :         96
                1165 [PC] pc :         88
                1175 [PC] pc :         92
                1185 [PC] pc :         96
                1195 [PC] pc :         88
                1205 [PC] pc :         92
                1215 [PC] pc :         96
                1225 [PC] pc :         88
                1235 [PC] pc :         92
                1245 [PC] pc :         96
                1255 [PC] pc :         88
                1265 [PC] pc :         92
                1275 [PC] pc :         96
                1285 [PC] pc :         88
                1295 [PC] pc :         92
                1305 [PC] pc :         96
                1315 [PC] pc :         88
                1325 [PC] pc :         92
                1335 [PC] pc :         96
                1345 [PC] pc :         88
                1355 [PC] pc :         92
                1365 [PC] pc :         96
                1375 [PC] pc :         88
                1385 [PC] pc :         92
                1395 [PC] pc :         96
                1405 [PC] pc :         88
                1415 [PC] pc :         92
                1425 [PC] pc :         96
                1435 [PC] pc :         88
                1445 [PC] pc :         92
                1455 [PC] pc :         96
                1465 [PC] pc :         88
                1475 [PC] pc :         92
                1485 [PC] pc :         96
                1495 [PC] pc :         88
                1505 [PC] pc :         92
                1515 [PC] pc :         96
                1525 [PC] pc :         88
                1535 [PC] pc :         92
                1545 [PC] pc :         96
                1555 [PC] pc :         88
                1565 [PC] pc :         92
                1575 [PC] pc :         96
                1585 [PC] pc :         88
                1595 [PC] pc :         92
                1605 [PC] pc :         96
                1615 [PC] pc :         88
                1625 [PC] pc :         92
                1635 [PC] pc :         96
                1645 [PC] pc :         88
                1655 [PC] pc :         92
                1665 [PC] pc :         96
                1675 [PC] pc :         88
                1685 [PC] pc :         92
                1695 [PC] pc :         96
                1705 [PC] pc :         88
                1715 [PC] pc :         92
                1725 [PC] pc :         96
                1735 [PC] pc :         88
                1745 [PC] pc :         92
                1755 [PC] pc :         96
                1765 [PC] pc :         88
                1775 [PC] pc :         92
                1785 [PC] pc :         96
                1795 [PC] pc :         88
                1805 [PC] pc :         92
                1815 [PC] pc :         96
                1825 [PC] pc :         88
                1835 [PC] pc :         92
                1845 [PC] pc :         96
                1855 [PC] pc :         88
                1865 [PC] pc :         92
                1875 [PC] pc :         96
                1885 [PC] pc :         88
                1895 [PC] pc :         92
                1905 [PC] pc :         96
                1915 [PC] pc :         88
                1925 [PC] pc :         92
                1935 [PC] pc :         96
                1945 [PC] pc :         88
                1955 [PC] pc :         92
                1965 [PC] pc :         96
                1975 [PC] pc :         88
                1985 [PC] pc :         92
                1995 [PC] pc :         96
                2005 [PC] pc :         88
                2015 [PC] pc :         92
                2025 [PC] pc :         96
                2035 [PC] pc :         88
                2045 [PC] pc :         92
                2055 [PC] pc :         96
                2065 [PC] pc :         88
                2075 [PC] pc :         92
                2085 [PC] pc :         96
                2095 [PC] pc :         88
                2105 [PC] pc :         92
                2115 [PC] pc :         96
                2125 [PC] pc :         88
                2135 [PC] pc :         92
                2145 [PC] pc :         96
                2155 [PC] pc :         88
                2165 [PC] pc :         92
                2175 [PC] pc :         96
                2185 [PC] pc :         88
                2195 [PC] pc :         92
                2205 [PC] pc :         96
                2215 [PC] pc :         88
                2225 [PC] pc :         92
                2235 [PC] pc :         96
                2245 [PC] pc :         88
                2255 [PC] pc :         92
                2265 [PC] pc :         96
                2275 [PC] pc :         88
                2285 [PC] pc :         92
                2295 [PC] pc :         96
                2305 [PC] pc :         88
                2315 [PC] pc :         92
                2325 [PC] pc :         96
                2335 [PC] pc :         88
                2345 [PC] pc :         92
                2355 [PC] pc :         96
                2365 [PC] pc :         88
                2375 [PC] pc :         92
                2385 [PC] pc :         96
                2395 [PC] pc :         88
                2405 [PC] pc :         92
                2415 [PC] pc :         96
                2425 [PC] pc :         88
                2435 [PC] pc :         92
                2445 [PC] pc :         96
                2455 [PC] pc :         88
                2465 [PC] pc :         92
                2475 [PC] pc :         96
                2485 [PC] pc :         88
                2495 [PC] pc :         92
                2505 [PC] pc :         96
                2515 [PC] pc :         88
                2525 [PC] pc :         92
                2535 [PC] pc :         96
                2545 [PC] pc :         88
                2555 [PC] pc :         92
                2565 [PC] pc :         96
                2575 [PC] pc :         88
                2585 [PC] pc :         92
                2595 [PC] pc :         96
                2605 [PC] pc :         88
                2615 [PC] pc :         92
                2625 [PC] pc :         96
                2635 [PC] pc :         88
                2645 [PC] pc :         92
                2655 [PC] pc :         96
                2665 [PC] pc :         88
                2675 [PC] pc :         92
                2685 [PC] pc :         96
                2695 [PC] pc :         88
                2705 [PC] pc :         92
                2715 [PC] pc :         96
                2725 [PC] pc :         88
                2735 [PC] pc :         92
                2745 [PC] pc :         96
                2755 [PC] pc :         88
                2765 [PC] pc :         92
                2775 [PC] pc :         96
                2785 [PC] pc :         88
                2795 [PC] pc :         92
                2805 [PC] pc :         96
                2815 [PC] pc :         88
                2825 [PC] pc :         92
                2835 [PC] pc :         96
                2845 [PC] pc :         88
                2855 [PC] pc :         92
                2865 [PC] pc :         96
                2875 [PC] pc :         88
                2885 [PC] pc :         92
                2895 [PC] pc :         96
                2905 [PC] pc :         88
                2915 [PC] pc :         92
                2925 [PC] pc :         96
                2935 [PC] pc :         88
                2945 [PC] pc :         92
                2955 [PC] pc :         96
                2965 [PC] pc :         88
                2975 [PC] pc :         92
                2985 [PC] pc :         96
                2995 [PC] pc :         88
                3005 [PC] pc :         92
                3015 [PC] pc :         96
                3025 [PC] pc :         88
                3035 [PC] pc :         92
                3045 [PC] pc :         96
                3055 [PC] pc :         88
                3065 [PC] pc :         92
                3075 [PC] pc :         96
                3085 [PC] pc :         88
                3095 [PC] pc :         92
                3105 [PC] pc :         96
                3115 [PC] pc :         88
                3125 [PC] pc :         92
                3135 [PC] pc :         96
                3145 [PC] pc :         88
                3155 [PC] pc :         92
                3165 [PC] pc :         96
                3175 [PC] pc :         88
                3185 [PC] pc :         92
                3195 [PC] pc :         96
                3205 [PC] pc :         88
                3215 [PC] pc :         92
                3225 [PC] pc :         96
                3235 [PC] pc :         88
                3245 [PC] pc :         92
                3255 [PC] pc :         96
                3265 [PC] pc :         88
                3275 [PC] pc :         92
                3285 [PC] pc :         96
                3295 [PC] pc :         88
                3305 [PC] pc :         92
                3315 [PC] pc :         96
                3325 [PC] pc :         88
                3335 [PC] pc :         92
                3345 [PC] pc :         96
                3355 [PC] pc :         88
                3365 [PC] pc :         92
                3375 [PC] pc :         96
                3385 [PC] pc :         88
                3395 [PC] pc :         92
                3405 [PC] pc :         96
                3415 [PC] pc :         88
                3425 [PC] pc :         92
                3435 [PC] pc :         96
                3445 [PC] pc :         88
                3455 [PC] pc :         92
                3465 [PC] pc :         96
                3475 [PC] pc :         88
                3485 [PC] pc :         92
                3495 [PC] pc :         96
                3505 [PC] pc :         88
                3515 [PC] pc :         92
                3525 [PC] pc :         96
                3535 [PC] pc :         88
                3545 [PC] pc :         92
                3555 [PC] pc :         96
                3565 [PC] pc :         88
                3575 [PC] pc :         92
                3585 [PC] pc :         96
                3595 [PC] pc :         88
                3605 [PC] pc :         92
                3615 [PC] pc :         96
                3625 [PC] pc :         88
                3635 [PC] pc :         92
                3645 [PC] pc :         96
                3655 [PC] pc :         88
                3665 [PC] pc :         92
                3675 [PC] pc :         96
                3685 [PC] pc :         88
                3695 [PC] pc :         92
                3705 [PC] pc :         96
                3715 [PC] pc :         88
                3725 [PC] pc :         92
                3735 [PC] pc :         96
                3745 [PC] pc :         88
                3755 [PC] pc :         92
                3765 [PC] pc :         96
                3775 [PC] pc :         88
                3785 [PC] pc :         92
                3795 [PC] pc :         96
                3805 [PC] pc :         88
                3815 [PC] pc :         92
                3825 [PC] pc :         96
                3835 [PC] pc :         88
                3845 [PC] pc :         92
                3855 [PC] pc :         96
                3865 [PC] pc :         88
                3875 [PC] pc :         92
                3885 [PC] pc :         96
                3895 [PC] pc :         88
                3905 [PC] pc :         92
                3915 [PC] pc :         96
                3925 [PC] pc :         88
                3935 [PC] pc :         92
                3945 [PC] pc :         96
                3955 [PC] pc :         88
                3965 [PC] pc :         92
                3975 [PC] pc :         96
                3985 [PC] pc :         88
                3995 [PC] pc :         92
                4005 [PC] pc :         96
                4015 [PC] pc :         88
                4025 [PC] pc :         92
                4035 [PC] pc :         96
                4045 [PC] pc :         88
                4055 [PC] pc :         92
                4060 ** End Simulation **
                4060 REGISTER FILE
                4060 Reg[          0]:           0 (00000000000000000000000000000000)
                4060 Reg[          1]:           1 (00000000000000000000000000000001)
                4060 Reg[          2]:           2 (00000000000000000000000000000010)
                4060 Reg[          3]:           3 (00000000000000000000000000000011)
                4060 Reg[          4]:           4 (00000000000000000000000000000100)
                4060 Reg[          5]:           5 (00000000000000000000000000000101)
                4060 Reg[          6]:           6 (00000000000000000000000000000110)
                4060 Reg[          7]:           7 (00000000000000000000000000000111)
                4060 Reg[          8]:           8 (00000000000000000000000000001000)
                4060 Reg[          9]:           9 (00000000000000000000000000001001)
                4060 Reg[         10]:          10 (00000000000000000000000000001010)
                4060 Reg[         11]:          11 (00000000000000000000000000001011)
                4060 Reg[         12]:          12 (00000000000000000000000000001100)
                4060 Reg[         13]:          13 (00000000000000000000000000001101)
                4060 Reg[         14]:          14 (00000000000000000000000000001110)
                4060 Reg[         15]:          15 (00000000000000000000000000001111)
                4060 Reg[         16]:           9 (00000000000000000000000000001001)
                4060 Reg[         17]:           4 (00000000000000000000000000000100)
                4060 Reg[         18]:          15 (00000000000000000000000000001111)
                4060 Reg[         19]:           1 (00000000000000000000000000000001)
                4060 Reg[         20]:          16 (00000000000000000000000000010000)
                4060 Reg[         21]:          15 (00000000000000000000000000001111)
                4060 Reg[         22]:           3 (00000000000000000000000000000011)
                4060 Reg[         23]:           3 (00000000000000000000000000000011)
                4060 Reg[         24]:          15 (00000000000000000000000000001111)
                4060 Reg[         25]:           0 (00000000000000000000000000000000)
                4060 Reg[         26]:           3 (00000000000000000000000000000011)
                4060 Reg[         27]:           8 (00000000000000000000000000001000)
                4060 Reg[         28]:           0 (00000000000000000000000000000000)
                4060 Reg[         29]:           0 (00000000000000000000000000000000)
                4060 Reg[         30]:           0 (00000000000000000000000000000000)
                4060 Reg[         31]:           0 (00000000000000000000000000000000)
                4060 DATA MEMORY
                4060 Mem[          0]:           0 (00000000000000000000000000000000)
                4060 Mem[          1]:          15 (00000000000000000000000000001111)
                4060 Mem[          2]:           8 (00000000000000000000000000001000)
                4060 Mem[          3]:           0 (00000000000000000000000000000000)
                4060 Mem[          4]:           0 (00000000000000000000000000000000)
                4060 Mem[          5]:           0 (00000000000000000000000000000000)
                4060 Mem[          6]:           0 (00000000000000000000000000000000)
                4060 Mem[          7]:           0 (00000000000000000000000000000000)
                4060 Mem[          8]:           0 (00000000000000000000000000000000)
                4060 Mem[          9]:           0 (00000000000000000000000000000000)
                4060 Mem[         10]:           0 (00000000000000000000000000000000)
                4060 Mem[         11]:           0 (00000000000000000000000000000000)
                4060 Mem[         12]:           0 (00000000000000000000000000000000)
                4060 Mem[         13]:           0 (00000000000000000000000000000000)
                4060 Mem[         14]:           0 (00000000000000000000000000000000)
                4060 Mem[         15]:           0 (00000000000000000000000000000000)
                4060 Mem[         16]:           0 (00000000000000000000000000000000)
                4060 Mem[         17]:           0 (00000000000000000000000000000000)
                4060 Mem[         18]:           0 (00000000000000000000000000000000)
                4060 Mem[         19]:           0 (00000000000000000000000000000000)
                4060 Mem[         20]:           0 (00000000000000000000000000000000)
                4060 Mem[         21]:           0 (00000000000000000000000000000000)
                4060 Mem[         22]:           0 (00000000000000000000000000000000)
                4060 Mem[         23]:           0 (00000000000000000000000000000000)
                4060 Mem[         24]:           0 (00000000000000000000000000000000)
                4060 Mem[         25]:           0 (00000000000000000000000000000000)
                4060 Mem[         26]:           0 (00000000000000000000000000000000)
                4060 Mem[         27]:           0 (00000000000000000000000000000000)
                4060 Mem[         28]:           0 (00000000000000000000000000000000)
                4060 Mem[         29]:           0 (00000000000000000000000000000000)
                4060 Mem[         30]:           0 (00000000000000000000000000000000)
                4060 Mem[         31]:           0 (00000000000000000000000000000000)
                4060 Mem[         32]:           0 (00000000000000000000000000000000)
                4060 Mem[         33]:           0 (00000000000000000000000000000000)
                4060 Mem[         34]:           0 (00000000000000000000000000000000)
                4060 Mem[         35]:           0 (00000000000000000000000000000000)
                4060 Mem[         36]:           0 (00000000000000000000000000000000)
                4060 Mem[         37]:           0 (00000000000000000000000000000000)
                4060 Mem[         38]:           0 (00000000000000000000000000000000)
                4060 Mem[         39]:           0 (00000000000000000000000000000000)
                4060 Mem[         40]:           0 (00000000000000000000000000000000)
                4060 Mem[         41]:           0 (00000000000000000000000000000000)
                4060 Mem[         42]:           0 (00000000000000000000000000000000)
                4060 Mem[         43]:           0 (00000000000000000000000000000000)
                4060 Mem[         44]:           0 (00000000000000000000000000000000)
                4060 Mem[         45]:           0 (00000000000000000000000000000000)
                4060 Mem[         46]:           0 (00000000000000000000000000000000)
                4060 Mem[         47]:           0 (00000000000000000000000000000000)
                4060 Mem[         48]:           0 (00000000000000000000000000000000)
                4060 Mem[         49]:           0 (00000000000000000000000000000000)
                4060 Mem[         50]:           0 (00000000000000000000000000000000)
                4060 Mem[         51]:           0 (00000000000000000000000000000000)
                4060 Mem[         52]:           0 (00000000000000000000000000000000)
                4060 Mem[         53]:           0 (00000000000000000000000000000000)
                4060 Mem[         54]:           0 (00000000000000000000000000000000)
                4060 Mem[         55]:           0 (00000000000000000000000000000000)
                4060 Mem[         56]:           0 (00000000000000000000000000000000)
                4060 Mem[         57]:           0 (00000000000000000000000000000000)
                4060 Mem[         58]:           0 (00000000000000000000000000000000)
                4060 Mem[         59]:           0 (00000000000000000000000000000000)
                4060 Mem[         60]:           0 (00000000000000000000000000000000)
                4060 Mem[         61]:           0 (00000000000000000000000000000000)
                4060 Mem[         62]:           0 (00000000000000000000000000000000)
                4060 Mem[         63]:           0 (00000000000000000000000000000000)
                4060 Mem[         64]:           0 (00000000000000000000000000000000)
                4060 Mem[         65]:           0 (00000000000000000000000000000000)
                4060 Mem[         66]:           0 (00000000000000000000000000000000)
                4060 Mem[         67]:           0 (00000000000000000000000000000000)
                4060 Mem[         68]:           0 (00000000000000000000000000000000)
                4060 Mem[         69]:           0 (00000000000000000000000000000000)
                4060 Mem[         70]:           0 (00000000000000000000000000000000)
                4060 Mem[         71]:           0 (00000000000000000000000000000000)
                4060 Mem[         72]:           0 (00000000000000000000000000000000)
                4060 Mem[         73]:           0 (00000000000000000000000000000000)
                4060 Mem[         74]:           0 (00000000000000000000000000000000)
                4060 Mem[         75]:           0 (00000000000000000000000000000000)
                4060 Mem[         76]:           0 (00000000000000000000000000000000)
                4060 Mem[         77]:           0 (00000000000000000000000000000000)
                4060 Mem[         78]:           0 (00000000000000000000000000000000)
                4060 Mem[         79]:           0 (00000000000000000000000000000000)
                4060 Mem[         80]:           0 (00000000000000000000000000000000)
                4060 Mem[         81]:           0 (00000000000000000000000000000000)
                4060 Mem[         82]:           0 (00000000000000000000000000000000)
                4060 Mem[         83]:           0 (00000000000000000000000000000000)
                4060 Mem[         84]:           0 (00000000000000000000000000000000)
                4060 Mem[         85]:           0 (00000000000000000000000000000000)
                4060 Mem[         86]:           0 (00000000000000000000000000000000)
                4060 Mem[         87]:           0 (00000000000000000000000000000000)
                4060 Mem[         88]:           0 (00000000000000000000000000000000)
                4060 Mem[         89]:           0 (00000000000000000000000000000000)
                4060 Mem[         90]:           0 (00000000000000000000000000000000)
                4060 Mem[         91]:           0 (00000000000000000000000000000000)
                4060 Mem[         92]:           0 (00000000000000000000000000000000)
                4060 Mem[         93]:           0 (00000000000000000000000000000000)
                4060 Mem[         94]:           0 (00000000000000000000000000000000)
                4060 Mem[         95]:           0 (00000000000000000000000000000000)
                4060 Mem[         96]:           0 (00000000000000000000000000000000)
                4060 Mem[         97]:           0 (00000000000000000000000000000000)
                4060 Mem[         98]:           0 (00000000000000000000000000000000)
                4060 Mem[         99]:           0 (00000000000000000000000000000000)
                4060 Mem[        100]:           0 (00000000000000000000000000000000)
                4060 Mem[        101]:           0 (00000000000000000000000000000000)
                4060 Mem[        102]:           0 (00000000000000000000000000000000)
                4060 Mem[        103]:           0 (00000000000000000000000000000000)
                4060 Mem[        104]:           0 (00000000000000000000000000000000)
                4060 Mem[        105]:           0 (00000000000000000000000000000000)
                4060 Mem[        106]:           0 (00000000000000000000000000000000)
                4060 Mem[        107]:           0 (00000000000000000000000000000000)
                4060 Mem[        108]:           0 (00000000000000000000000000000000)
                4060 Mem[        109]:           0 (00000000000000000000000000000000)
                4060 Mem[        110]:           0 (00000000000000000000000000000000)
                4060 Mem[        111]:           0 (00000000000000000000000000000000)
                4060 Mem[        112]:           0 (00000000000000000000000000000000)
                4060 Mem[        113]:           0 (00000000000000000000000000000000)
                4060 Mem[        114]:           0 (00000000000000000000000000000000)
                4060 Mem[        115]:           0 (00000000000000000000000000000000)
                4060 Mem[        116]:           0 (00000000000000000000000000000000)
                4060 Mem[        117]:           0 (00000000000000000000000000000000)
                4060 Mem[        118]:           0 (00000000000000000000000000000000)
                4060 Mem[        119]:           0 (00000000000000000000000000000000)
                4060 Mem[        120]:           0 (00000000000000000000000000000000)
                4060 Mem[        121]:           0 (00000000000000000000000000000000)
                4060 Mem[        122]:           0 (00000000000000000000000000000000)
                4060 Mem[        123]:           0 (00000000000000000000000000000000)
                4060 Mem[        124]:           0 (00000000000000000000000000000000)
                4060 Mem[        125]:           0 (00000000000000000000000000000000)
                4060 Mem[        126]:           0 (00000000000000000000000000000000)
                4060 Mem[        127]:           0 (00000000000000000000000000000000)
